<?xml version="1.0" encoding="UTF-8"?>
<testsuite name="com.example.recipe.RecipeIntegrationTest" tests="12" skipped="0" failures="0" errors="0" timestamp="2024-11-09T14:41:46" hostname="DESKTOP-MFSMH2T" time="0.511">
  <properties/>
  <testcase name="testIncrementViewCount()" classname="com.example.recipe.RecipeIntegrationTest" time="0.206"/>
  <testcase name="testAddLike()" classname="com.example.recipe.RecipeIntegrationTest" time="0.021"/>
  <testcase name="testGetMyPageInfo()" classname="com.example.recipe.RecipeIntegrationTest" time="0.092"/>
  <testcase name="testGetUserRecipes()" classname="com.example.recipe.RecipeIntegrationTest" time="0.022"/>
  <testcase name="testRemoveBookmark()" classname="com.example.recipe.RecipeIntegrationTest" time="0.012"/>
  <testcase name="testUpdateUserInfo()" classname="com.example.recipe.RecipeIntegrationTest" time="0.042"/>
  <testcase name="testGetUserComments()" classname="com.example.recipe.RecipeIntegrationTest" time="0.011"/>
  <testcase name="testAddBookmark()" classname="com.example.recipe.RecipeIntegrationTest" time="0.033"/>
  <testcase name="testRemoveLike()" classname="com.example.recipe.RecipeIntegrationTest" time="0.012"/>
  <testcase name="testGetUserInfo()" classname="com.example.recipe.RecipeIntegrationTest" time="0.008"/>
  <testcase name="testGetUserLevel()" classname="com.example.recipe.RecipeIntegrationTest" time="0.01"/>
  <testcase name="testGetUserBookmarks()" classname="com.example.recipe.RecipeIntegrationTest" time="0.012"/>
  <system-out><![CDATA[23:41:40.762 [Test worker] INFO org.springframework.test.context.support.AnnotationConfigContextLoaderUtils -- Could not detect default configuration classes for test class [com.example.recipe.RecipeIntegrationTest]: RecipeIntegrationTest does not declare any static, non-private, non-final, nested classes annotated with @Configuration.
23:41:40.927 [Test worker] INFO org.springframework.boot.test.context.SpringBootTestContextBootstrapper -- Found @SpringBootConfiguration com.example.recipe.RecipeApplication for test class com.example.recipe.RecipeIntegrationTest

  .   ____          _            __ _ _
 /\\ / ___'_ __ _ _(_)_ __  __ _ \ \ \ \
( ( )\___ | '_ | '_| | '_ \/ _` | \ \ \ \
 \\/  ___)| |_)| | | | | || (_| |  ) ) ) )
  '  |____| .__|_| |_|_| |_\__, | / / / /
 =========|_|==============|___/=/_/_/_/

 :: Spring Boot ::                (v3.3.4)

2024-11-09T23:41:41.366+09:00  INFO 21916 --- [recipe] [    Test worker] c.example.recipe.RecipeIntegrationTest   : Starting RecipeIntegrationTest using Java 17.0.3 with PID 21916 (started by wkdtk in C:\Users\wkdtk\OneDrive\바탕 화면\소공\SW-Engineering\recipe\recipe)
2024-11-09T23:41:41.368+09:00  INFO 21916 --- [recipe] [    Test worker] c.example.recipe.RecipeIntegrationTest   : No active profile set, falling back to 1 default profile: "default"
2024-11-09T23:41:42.125+09:00  INFO 21916 --- [recipe] [    Test worker] .s.d.r.c.RepositoryConfigurationDelegate : Bootstrapping Spring Data JPA repositories in DEFAULT mode.
2024-11-09T23:41:42.194+09:00  INFO 21916 --- [recipe] [    Test worker] .s.d.r.c.RepositoryConfigurationDelegate : Finished Spring Data repository scanning in 57 ms. Found 6 JPA repository interfaces.
2024-11-09T23:41:44.115+09:00  INFO 21916 --- [recipe] [    Test worker] o.hibernate.jpa.internal.util.LogHelper  : HHH000204: Processing PersistenceUnitInfo [name: default]
2024-11-09T23:41:44.208+09:00  INFO 21916 --- [recipe] [    Test worker] org.hibernate.Version                    : HHH000412: Hibernate ORM core version 6.5.3.Final
2024-11-09T23:41:44.262+09:00  INFO 21916 --- [recipe] [    Test worker] o.h.c.internal.RegionFactoryInitiator    : HHH000026: Second-level cache disabled
2024-11-09T23:41:44.461+09:00  INFO 21916 --- [recipe] [    Test worker] o.s.o.j.p.SpringPersistenceUnitInfo      : No LoadTimeWeaver setup: ignoring JPA class transformer
2024-11-09T23:41:44.510+09:00  INFO 21916 --- [recipe] [    Test worker] com.zaxxer.hikari.HikariDataSource       : HikariPool-1 - Starting...
2024-11-09T23:41:44.781+09:00  INFO 21916 --- [recipe] [    Test worker] com.zaxxer.hikari.pool.HikariPool        : HikariPool-1 - Added connection conn0: url=jdbc:h2:~/local/recipe user=SA
2024-11-09T23:41:44.783+09:00  INFO 21916 --- [recipe] [    Test worker] com.zaxxer.hikari.HikariDataSource       : HikariPool-1 - Start completed.
2024-11-09T23:41:44.819+09:00  WARN 21916 --- [recipe] [    Test worker] org.hibernate.orm.deprecation            : HHH90000025: H2Dialect does not need to be specified explicitly using 'hibernate.dialect' (remove the property setting and it will be selected by default)
2024-11-09T23:41:45.704+09:00  INFO 21916 --- [recipe] [    Test worker] o.h.e.t.j.p.i.JtaPlatformInitiator       : HHH000489: No JTA platform available (set 'hibernate.transaction.jta.platform' to enable JTA platform integration)
2024-11-09T23:41:45.780+09:00  INFO 21916 --- [recipe] [    Test worker] j.LocalContainerEntityManagerFactoryBean : Initialized JPA EntityManagerFactory for persistence unit 'default'
2024-11-09T23:41:45.979+09:00  WARN 21916 --- [recipe] [    Test worker] JpaBaseConfiguration$JpaWebConfiguration : spring.jpa.open-in-view is enabled by default. Therefore, database queries may be performed during view rendering. Explicitly configure spring.jpa.open-in-view to disable this warning
2024-11-09T23:41:46.335+09:00  WARN 21916 --- [recipe] [    Test worker] ion$DefaultTemplateResolverConfiguration : Cannot find template location: classpath:/templates/ (please add some templates, check your Thymeleaf configuration, or set spring.thymeleaf.check-template-location=false)
2024-11-09T23:41:46.409+09:00  INFO 21916 --- [recipe] [    Test worker] o.s.b.a.h2.H2ConsoleAutoConfiguration    : H2 console available at '/h2-console'. Database available at 'jdbc:h2:~/local/recipe'
2024-11-09T23:41:46.472+09:00  INFO 21916 --- [recipe] [    Test worker] o.s.b.t.m.w.SpringBootMockServletContext : Initializing Spring TestDispatcherServlet ''
2024-11-09T23:41:46.472+09:00  INFO 21916 --- [recipe] [    Test worker] o.s.t.web.servlet.TestDispatcherServlet  : Initializing Servlet ''
2024-11-09T23:41:46.476+09:00  INFO 21916 --- [recipe] [    Test worker] o.s.t.web.servlet.TestDispatcherServlet  : Completed initialization in 3 ms
2024-11-09T23:41:46.512+09:00  INFO 21916 --- [recipe] [    Test worker] c.example.recipe.RecipeIntegrationTest   : Started RecipeIntegrationTest in 5.431 seconds (process running for 6.896)
]]></system-out>
  <system-err><![CDATA[]]></system-err>
</testsuite>
